<?xml version="1.0" encoding="UTF-8"?>
<testng-results ignored="0" total="1" passed="1" failed="0" skipped="0">
  <reporter-output>
  </reporter-output>
  <suite started-at="2020-02-13T13:20:50 EST" name="Default suite" finished-at="2020-02-13T13:21:10 EST" duration-ms="20625">
    <groups>
    </groups>
    <test started-at="2020-02-13T13:20:50 EST" name="Default test" finished-at="2020-02-13T13:21:10 EST" duration-ms="20625">
      <class name="com.testCases.TC_001_LuanchBrowser">
        <test-method signature="LaunchBrowser()[pri:0, instance:com.testCases.TC_001_LuanchBrowser@2fd6b6c7]" started-at="2020-02-13T13:20:50 EST" name="LaunchBrowser" finished-at="2020-02-13T13:21:10 EST" duration-ms="20582" status="PASS">
          <reporter-output>
          </reporter-output>
        </test-method> <!-- LaunchBrowser -->
      </class> <!-- com.testCases.TC_001_LuanchBrowser -->
    </test> <!-- Default test -->
  </suite> <!-- Default suite -->
</testng-results>
